<?xml version="1.0" encoding="UTF-8"?>
<!-- Generated by org.testng.reporters.JUnitXMLReporter -->
<testsuite ignored="0" hostname="LAPTOP-9E55LMAH" failures="0" tests="1" name="Test" time="0.044" errors="0" timestamp="2022-10-21T07:42:53 GMT-04:00">
  <testcase classname="Utilities.BaseTest" name="@BeforeTest testSetUP" time="-1.666352573222E9">
    <failure type="org.testng.TestNGException" message="
Can inject only one of &amp;lt;ITestContext, XmlTest&amp;gt; into a @BeforeTest annotated testSetUP.
For more information on native dependency injection please refer to https://testng.org/doc/documentation-main.html#native-dependency-injection">
      <![CDATA[org.testng.TestNGException: 
Can inject only one of <ITestContext, XmlTest> into a @BeforeTest annotated testSetUP.
For more information on native dependency injection please refer to https://testng.org/doc/documentation-main.html#native-dependency-injection
... Removed 21 stack frames]]>
    </failure>
  </testcase> <!-- @BeforeTest testSetUP -->
  <testcase classname="Utilities.BaseTest" name="@AfterTest tearDown" time="-1.66635257326E9">
    <skipped/>
  </testcase> <!-- @AfterTest tearDown -->
  <testcase classname="testCaseLogin.Login" name="ingresoTestink" time="0.0">
    <skipped/>
  </testcase> <!-- ingresoTestink -->
</testsuite> <!-- Test -->
