<?xml version="1.0" encoding="UTF-8"?>
<testng-results skipped="0" failed="0" ignored="0" total="1" passed="1">
  <reporter-output>
    <line>
      <![CDATA[Prueba finalizada satisfactoriamente]]>
    </line>
  </reporter-output>
  <suite name="Default suite" duration-ms="36057" started-at="2022-11-18T15:49:57 CLST" finished-at="2022-11-18T15:50:33 CLST">
    <groups>
    </groups>
    <test name="Default test" duration-ms="36057" started-at="2022-11-18T15:49:57 CLST" finished-at="2022-11-18T15:50:33 CLST">
      <class name="cl.local.test.LoginOKMantis">
        <test-method status="PASS" signature="setUp()[pri:0, instance:cl.local.test.LoginOKMantis@517cd4b]" name="setUp" is-config="true" duration-ms="13996" started-at="2022-11-18T15:49:57 CLST" finished-at="2022-11-18T15:50:11 CLST">
          <reporter-output>
          </reporter-output>
        </test-method> <!-- setUp -->
        <test-method status="PASS" signature="loginOK(java.lang.String,java.lang.String)[pri:0, instance:cl.local.test.LoginOKMantis@517cd4b]" name="loginOK" duration-ms="21516" started-at="2022-11-18T15:50:11 CLST" data-provider="credenciales" finished-at="2022-11-18T15:50:33 CLST">
          <params>
            <param index="0">
              <value>
                <![CDATA[cnavarrp]]>
              </value>
            </param>
            <param index="1">
              <value>
                <![CDATA[Metalero]]>
              </value>
            </param>
          </params>
          <reporter-output>
            <line>
              <![CDATA[Prueba finalizada satisfactoriamente]]>
            </line>
          </reporter-output>
        </test-method> <!-- loginOK -->
        <test-method status="PASS" signature="tearDown()[pri:0, instance:cl.local.test.LoginOKMantis@517cd4b]" name="tearDown" is-config="true" duration-ms="47" started-at="2022-11-18T15:50:33 CLST" finished-at="2022-11-18T15:50:33 CLST">
          <reporter-output>
          </reporter-output>
        </test-method> <!-- tearDown -->
      </class> <!-- cl.local.test.LoginOKMantis -->
    </test> <!-- Default test -->
  </suite> <!-- Default suite -->
</testng-results>
