<?xml version="1.0" encoding="UTF-8"?>
<!-- Generated by org.testng.reporters.JUnitXMLReporter -->
<testsuite ignored="1" hostname="LAPTOP-9E55LMAH" failures="1" tests="2" name="Login Test" time="28.857" errors="0" timestamp="2022-11-11T13:56:10 CLST">
  <testcase classname="cl.local.test.LoginOKMantis" name="loginOK" time="5.392"/>
  <testcase classname="cl.local.test.LoginFailMantis" name="loginFail" time="3.197">
    <failure type="java.lang.AssertionError" message="Es posible que su cuenta esté desactivada o bloqueada o que el nombre de usuario y la contraseña proporcionados sean incorrectos.">
      <![CDATA[java.lang.AssertionError: Es posible que su cuenta esté desactivada o bloqueada o que el nombre de usuario y la contraseña proporcionados sean incorrectos.
at cl.local.test.LoginFailMantis.loginFail(LoginFailMantis.java:22)
at java.base/java.util.ArrayList.forEach(ArrayList.java:1511)
... Removed 26 stack frames]]>
    </failure>
  </testcase> <!-- loginFail -->
  <testcase classname="cl.local.base.Base" name="@AfterSuite tearDown" time="0.0">
    <ignored/>
  </testcase> <!-- @AfterSuite tearDown -->
</testsuite> <!-- Login Test -->
