<?xml version="1.0" encoding="UTF-8"?>
<!-- Generated by org.testng.reporters.JUnitXMLReporter -->
<testsuite hostname="LAPTOP-9E55LMAH" ignored="0" name="Login Fail" tests="1" failures="1" timestamp="2022-11-19T20:40:33 CLST" time="11.995" errors="0">
  <testcase name="loginClaveIncorrecta" time="3.903" classname="cl.local.test.LoginFailMantis">
    <failure type="java.lang.AssertionError" message="Es posible que su cuenta esté desactivada o bloqueada o que el nombre de usuario y la contraseña proporcionados sean incorrectos.">
      <![CDATA[java.lang.AssertionError: Es posible que su cuenta esté desactivada o bloqueada o que el nombre de usuario y la contraseña proporcionados sean incorrectos.
at cl.local.test.LoginFailMantis.loginClaveIncorrecta(LoginFailMantis.java:18)
at java.util.ArrayList.forEach(Unknown Source)
... Removed 29 stack frames]]>
    </failure>
  </testcase> <!-- loginClaveIncorrecta -->
</testsuite> <!-- Login Fail -->
