<?xml version="1.0" encoding="UTF-8"?>
<!-- Generated by org.testng.reporters.JUnitXMLReporter -->
<testsuite ignored="0" hostname="LAPTOP-9E55LMAH" failures="1" tests="1" name="Login Fail" time="13.049" errors="0" timestamp="2022-11-12T19:08:44 CLST">
  <testcase classname="cl.local.test.LoginFailMantis" name="loginClaveIncorrecta" time="3.825">
    <failure type="java.lang.AssertionError" message="Es posible que su cuenta esté desactivada o bloqueada o que el nombre de usuario y la contraseña proporcionados sean incorrectos.">
      <![CDATA[java.lang.AssertionError: Es posible que su cuenta esté desactivada o bloqueada o que el nombre de usuario y la contraseña proporcionados sean incorrectos.
at cl.local.test.LoginFailMantis.loginClaveIncorrecta(LoginFailMantis.java:17)
at java.base/java.util.ArrayList.forEach(ArrayList.java:1511)
... Removed 27 stack frames]]>
    </failure>
  </testcase> <!-- loginClaveIncorrecta -->
</testsuite> <!-- Login Fail -->
