<?xml version="1.0" encoding="UTF-8"?>
<testng-results ignored="0" total="1" passed="1" failed="0" skipped="0">
  <reporter-output>
  </reporter-output>
  <suite started-at="2022-10-23T10:43:44 GMT-04:00" name="Suite" finished-at="2022-10-23T10:44:02 GMT-04:00" duration-ms="18103">
    <groups>
    </groups>
    <test started-at="2022-10-23T10:43:44 GMT-04:00" name="Test" finished-at="2022-10-23T10:44:02 GMT-04:00" duration-ms="18103">
      <class name="testCaseLogin.NuevoUsuario">
        <test-method is-config="true" signature="testSetUP(java.lang.String)[pri:0, instance:testCaseLogin.NuevoUsuario@6253c26]" started-at="2022-10-23T10:43:44 GMT-04:00" name="testSetUP" finished-at="2022-10-23T10:44:00 GMT-04:00" duration-ms="15837" status="PASS">
          <params>
            <param index="0">
              <value>
                <![CDATA[chrome]]>
              </value>
            </param>
          </params>
          <reporter-output>
          </reporter-output>
        </test-method> <!-- testSetUP -->
        <test-method signature="IngresoNuevoUsuario()[pri:0, instance:testCaseLogin.NuevoUsuario@6253c26]" started-at="2022-10-23T10:44:00 GMT-04:00" name="IngresoNuevoUsuario" finished-at="2022-10-23T10:44:02 GMT-04:00" duration-ms="2046" status="PASS">
          <reporter-output>
          </reporter-output>
        </test-method> <!-- IngresoNuevoUsuario -->
        <test-method is-config="true" signature="tearDown()[pri:0, instance:testCaseLogin.NuevoUsuario@6253c26]" started-at="2022-10-23T10:44:02 GMT-04:00" name="tearDown" finished-at="2022-10-23T10:44:02 GMT-04:00" duration-ms="201" status="PASS">
          <reporter-output>
          </reporter-output>
        </test-method> <!-- tearDown -->
      </class> <!-- testCaseLogin.NuevoUsuario -->
    </test> <!-- Test -->
  </suite> <!-- Suite -->
</testng-results>
