<?xml version="1.0" encoding="UTF-8"?>
<testng-results ignored="0" total="2" passed="2" failed="0" skipped="0">
  <reporter-output>
  </reporter-output>
  <suite started-at="2022-10-22T22:04:08 GMT-04:00" name="Suite" finished-at="2022-10-22T22:04:57 GMT-04:00" duration-ms="49427">
    <groups>
    </groups>
    <test started-at="2022-10-22T22:04:08 GMT-04:00" name="Test chrome" finished-at="2022-10-22T22:04:23 GMT-04:00" duration-ms="14881">
      <class name="testCaseLogin.Login">
        <test-method is-config="true" signature="testSetUP(java.lang.String)[pri:0, instance:testCaseLogin.Login@4dbb42b7]" started-at="2022-10-22T22:04:08 GMT-04:00" name="testSetUP" finished-at="2022-10-22T22:04:17 GMT-04:00" duration-ms="9196" status="PASS">
          <params>
            <param index="0">
              <value>
                <![CDATA[chrome]]>
              </value>
            </param>
          </params>
          <reporter-output>
          </reporter-output>
        </test-method> <!-- testSetUP -->
        <test-method signature="ingresoTestink()[pri:0, instance:testCaseLogin.Login@4dbb42b7]" started-at="2022-10-22T22:04:17 GMT-04:00" name="ingresoTestink" finished-at="2022-10-22T22:04:22 GMT-04:00" duration-ms="5425" status="PASS">
          <reporter-output>
          </reporter-output>
        </test-method> <!-- ingresoTestink -->
        <test-method is-config="true" signature="tearDown()[pri:0, instance:testCaseLogin.Login@4dbb42b7]" started-at="2022-10-22T22:04:22 GMT-04:00" name="tearDown" finished-at="2022-10-22T22:04:23 GMT-04:00" duration-ms="232" status="PASS">
          <reporter-output>
          </reporter-output>
        </test-method> <!-- tearDown -->
      </class> <!-- testCaseLogin.Login -->
    </test> <!-- Test chrome -->
    <test started-at="2022-10-22T22:04:08 GMT-04:00" name="Test firefox" finished-at="2022-10-22T22:04:57 GMT-04:00" duration-ms="49427">
      <class name="testCaseLogin.Login">
        <test-method is-config="true" signature="testSetUP(java.lang.String)[pri:0, instance:testCaseLogin.Login@6221a451]" started-at="2022-10-22T22:04:08 GMT-04:00" name="testSetUP" finished-at="2022-10-22T22:04:51 GMT-04:00" duration-ms="43657" status="PASS">
          <params>
            <param index="0">
              <value>
                <![CDATA[firefox]]>
              </value>
            </param>
          </params>
          <reporter-output>
          </reporter-output>
        </test-method> <!-- testSetUP -->
        <test-method signature="ingresoTestink()[pri:0, instance:testCaseLogin.Login@6221a451]" started-at="2022-10-22T22:04:51 GMT-04:00" name="ingresoTestink" finished-at="2022-10-22T22:04:56 GMT-04:00" duration-ms="4923" status="PASS">
          <reporter-output>
          </reporter-output>
        </test-method> <!-- ingresoTestink -->
        <test-method is-config="true" signature="tearDown()[pri:0, instance:testCaseLogin.Login@6221a451]" started-at="2022-10-22T22:04:56 GMT-04:00" name="tearDown" finished-at="2022-10-22T22:04:57 GMT-04:00" duration-ms="822" status="PASS">
          <reporter-output>
          </reporter-output>
        </test-method> <!-- tearDown -->
      </class> <!-- testCaseLogin.Login -->
    </test> <!-- Test firefox -->
  </suite> <!-- Suite -->
</testng-results>
